<?xml version="1.0" encoding="UTF-8"?>
<!-- Generated by org.testng.reporters.JUnitXMLReporter -->
<testsuite ignored="0" hostname="LAPTOP-KOUGF16H" failures="0" tests="3" name="Default test" time="8.292" errors="0" timestamp="2023-06-12T23:27:27 EDT">
  <testcase classname="com.testCases.MakeAppointmentTest" name="makeAppointment" time="0.395"/>
  <testcase classname="com.testCases.MakeAppointmentTest" name="healthProgram" time="0.278"/>
  <testcase classname="com.testCases.MakeAppointmentTest" name="Select_Date" time="3.272"/>
</testsuite> <!-- Default test -->
