<?xml version="1.0" encoding="UTF-8"?>
<!-- Generated by org.testng.reporters.JUnitXMLReporter -->
<testsuite ignored="0" hostname="LAPTOP-KOUGF16H" failures="0" tests="4" name="Default test" time="10.974" errors="0" timestamp="2023-06-08T14:10:45 EDT">
  <testcase classname="com.testCases.ReadmissionTest" name="ReAppointment" time="1.493"/>
  <testcase classname="com.testCases.ReadmissionTest" name="reAddmissionSelected" time="0.271"/>
  <testcase classname="com.testCases.ReadmissionTest" name="rehealthcare" time="0.22"/>
  <testcase classname="com.testCases.ReadmissionTest" name="DateSelect" time="2.92"/>
</testsuite> <!-- Default test -->
