<?xml version="1.0" encoding="UTF-8"?>
<testng-results ignored="0" total="3" passed="3" failed="0" skipped="0">
  <reporter-output>
  </reporter-output>
  <suite started-at="2023-06-12T23:27:19 EDT" name="Default suite" finished-at="2023-06-12T23:27:27 EDT" duration-ms="8292">
    <groups>
    </groups>
    <test started-at="2023-06-12T23:27:19 EDT" name="Default test" finished-at="2023-06-12T23:27:27 EDT" duration-ms="8292">
      <class name="com.testCases.MakeAppointmentTest">
        <test-method is-config="true" signature="setup()[pri:0, instance:com.testCases.MakeAppointmentTest@82de64a]" started-at="2023-06-12T23:27:19 EDT" name="setup" finished-at="2023-06-12T23:27:21 EDT" duration-ms="2934" status="PASS">
          <reporter-output>
          </reporter-output>
        </test-method> <!-- setup -->
        <test-method is-config="true" signature="verifyLoginAndPageDetails()[pri:0, instance:com.testCases.MakeAppointmentTest@82de64a]" started-at="2023-06-12T23:27:21 EDT" name="verifyLoginAndPageDetails" finished-at="2023-06-12T23:27:23 EDT" duration-ms="1098" status="PASS">
          <reporter-output>
          </reporter-output>
        </test-method> <!-- verifyLoginAndPageDetails -->
        <test-method signature="makeAppointment()[pri:1, instance:com.testCases.MakeAppointmentTest@82de64a]" started-at="2023-06-12T23:27:23 EDT" name="makeAppointment" finished-at="2023-06-12T23:27:23 EDT" duration-ms="395" status="PASS">
          <reporter-output>
          </reporter-output>
        </test-method> <!-- makeAppointment -->
        <test-method signature="healthProgram()[pri:2, instance:com.testCases.MakeAppointmentTest@82de64a]" started-at="2023-06-12T23:27:23 EDT" name="healthProgram" finished-at="2023-06-12T23:27:23 EDT" duration-ms="278" status="PASS">
          <reporter-output>
          </reporter-output>
        </test-method> <!-- healthProgram -->
        <test-method signature="Select_Date()[pri:3, instance:com.testCases.MakeAppointmentTest@82de64a]" started-at="2023-06-12T23:27:23 EDT" name="Select_Date" finished-at="2023-06-12T23:27:27 EDT" duration-ms="3272" status="PASS">
          <reporter-output>
          </reporter-output>
        </test-method> <!-- Select_Date -->
        <test-method is-config="true" signature="tearDown()[pri:0, instance:com.testCases.MakeAppointmentTest@82de64a]" started-at="2023-06-12T23:27:27 EDT" name="tearDown" finished-at="2023-06-12T23:27:27 EDT" duration-ms="264" status="PASS">
          <reporter-output>
          </reporter-output>
        </test-method> <!-- tearDown -->
      </class> <!-- com.testCases.MakeAppointmentTest -->
    </test> <!-- Default test -->
  </suite> <!-- Default suite -->
</testng-results>
