<?xml version="1.0" encoding="UTF-8"?>
<testng-results ignored="0" total="4" passed="4" failed="0" skipped="0">
  <reporter-output>
  </reporter-output>
  <suite started-at="2023-06-08T14:10:34 EDT" name="Default suite" finished-at="2023-06-08T14:10:45 EDT" duration-ms="10974">
    <groups>
    </groups>
    <test started-at="2023-06-08T14:10:34 EDT" name="Default test" finished-at="2023-06-08T14:10:45 EDT" duration-ms="10974">
      <class name="com.testCases.ReadmissionTest">
        <test-method is-config="true" signature="setup()[pri:0, instance:com.testCases.ReadmissionTest@659499f1]" started-at="2023-06-08T14:10:34 EDT" name="setup" finished-at="2023-06-08T14:10:38 EDT" duration-ms="4074" status="PASS">
          <reporter-output>
          </reporter-output>
        </test-method> <!-- setup -->
        <test-method is-config="true" signature="verifyLoginAndPageDetails()[pri:0, instance:com.testCases.ReadmissionTest@659499f1]" started-at="2023-06-08T14:10:38 EDT" name="verifyLoginAndPageDetails" finished-at="2023-06-08T14:10:39 EDT" duration-ms="1488" status="PASS">
          <reporter-output>
          </reporter-output>
        </test-method> <!-- verifyLoginAndPageDetails -->
        <test-method signature="ReAppointment()[pri:1, instance:com.testCases.ReadmissionTest@659499f1]" started-at="2023-06-08T14:10:39 EDT" name="ReAppointment" finished-at="2023-06-08T14:10:41 EDT" duration-ms="1493" status="PASS">
          <reporter-output>
          </reporter-output>
        </test-method> <!-- ReAppointment -->
        <test-method signature="reAddmissionSelected()[pri:2, instance:com.testCases.ReadmissionTest@659499f1]" started-at="2023-06-08T14:10:41 EDT" name="reAddmissionSelected" finished-at="2023-06-08T14:10:41 EDT" duration-ms="271" status="PASS">
          <reporter-output>
          </reporter-output>
        </test-method> <!-- reAddmissionSelected -->
        <test-method signature="rehealthcare()[pri:3, instance:com.testCases.ReadmissionTest@659499f1]" started-at="2023-06-08T14:10:41 EDT" name="rehealthcare" finished-at="2023-06-08T14:10:41 EDT" duration-ms="220" status="PASS">
          <reporter-output>
          </reporter-output>
        </test-method> <!-- rehealthcare -->
        <test-method signature="DateSelect()[pri:4, instance:com.testCases.ReadmissionTest@659499f1]" started-at="2023-06-08T14:10:41 EDT" name="DateSelect" finished-at="2023-06-08T14:10:44 EDT" duration-ms="2920" status="PASS">
          <reporter-output>
          </reporter-output>
        </test-method> <!-- DateSelect -->
        <test-method is-config="true" signature="tearDown()[pri:0, instance:com.testCases.ReadmissionTest@659499f1]" started-at="2023-06-08T14:10:44 EDT" name="tearDown" finished-at="2023-06-08T14:10:45 EDT" duration-ms="428" status="PASS">
          <reporter-output>
          </reporter-output>
        </test-method> <!-- tearDown -->
      </class> <!-- com.testCases.ReadmissionTest -->
    </test> <!-- Default test -->
  </suite> <!-- Default suite -->
</testng-results>
